<?xml version="1.0" encoding="UTF-8"?>
<!-- Generated by org.testng.reporters.JUnitReportReporter -->
<testsuite skipped="2" hostname="macpk-wks-0076" name="EMS_Corporate_CampaignList_TestCases.AdManagement_Feature" tests="3" failures="0" timestamp="12 Mar 2019 11:04:57 GMT" time="0.000" errors="1">
  <testcase name="Startup" time="0.000" classname="EMS_Corporate_CampaignList_TestCases.AdManagement_Feature">
    <error type="org.testng.TestNGException" message="
Parameter &#039;browser&#039; is required by BeforeTest on method Startup but has not been marked @Optional or defined
in C:\Users\Bilal.Mubarik\AppData\Local\Temp\testng-eclipse--801535741\testng-customsuite.xml">
      <![CDATA[org.testng.TestNGException: Parameter 'browser' is required by BeforeTest on method Startup but has not been marked @Optional or definedin C:\Users\Bilal.Mubarik\AppData\Local\Temp\testng-eclipse--801535741\testng-customsuite.xmlat org.testng.internal.Parameters.createParams(Parameters.java:290)at org.testng.internal.Parameters.createParametersForMethod(Parameters.java:359)at org.testng.internal.Parameters.createParameters(Parameters.java:620)at org.testng.internal.Parameters.createConfigurationParameters(Parameters.java:190)at org.testng.internal.Invoker.invokeConfigurations(Invoker.java:209)at org.testng.internal.Invoker.invokeConfigurations(Invoker.java:142)at org.testng.TestRunner.beforeRun(TestRunner.java:529)at org.testng.TestRunner.run(TestRunner.java:497)at org.testng.SuiteRunner.runTest(SuiteRunner.java:455)at org.testng.SuiteRunner.runSequentially(SuiteRunner.java:450)at org.testng.SuiteRunner.privateRun(SuiteRunner.java:415)at org.testng.SuiteRunner.run(SuiteRunner.java:364)at org.testng.SuiteRunnerWorker.runSuite(SuiteRunnerWorker.java:52)at org.testng.SuiteRunnerWorker.run(SuiteRunnerWorker.java:84)at org.testng.TestNG.runSuitesSequentially(TestNG.java:1187)at org.testng.TestNG.runSuitesLocally(TestNG.java:1116)at org.testng.TestNG.runSuites(TestNG.java:1028)at org.testng.TestNG.run(TestNG.java:996)at org.testng.remote.AbstractRemoteTestNG.run(AbstractRemoteTestNG.java:114)at org.testng.remote.RemoteTestNG.initAndRun(RemoteTestNG.java:251)at org.testng.remote.RemoteTestNG.main(RemoteTestNG.java:77)]]>
    </error>
  </testcase> <!-- Startup -->
  <testcase name="LoginApp" time="0.000" classname="EMS_Corporate_CampaignList_TestCases.AdManagement_Feature">
    <skipped/>
  </testcase> <!-- LoginApp -->
  <testcase name="FutureDate_BannerAdCreationWithSearchVerification" time="0.000" classname="EMS_Corporate_CampaignList_TestCases.AdManagement_Feature">
    <skipped/>
  </testcase> <!-- FutureDate_BannerAdCreationWithSearchVerification -->
</testsuite> <!-- EMS_Corporate_CampaignList_TestCases.AdManagement_Feature -->
