<?xml version="1.0" encoding="UTF-8"?>
<!-- Generated by org.testng.reporters.JUnitReportReporter -->
<testsuite skipped="27" hostname="macpk-wks-0076" name="Master.EMS_Corporate_Execution" tests="28" failures="0" timestamp="14 Apr 2019 04:09:03 GMT" time="55.820" errors="1">
  <testcase name="Startup" time="55.820" classname="Master.EMS_Corporate_Execution">
    <error type="org.openqa.selenium.WebDriverException" message="unknown error: cannot determine loading status
from unknown error: cannot determine loading status
from disconnected: Unable to receive message from renderer
  (Session info: chrome=73.0.3683.103)
  (Driver info: chromedriver=2.46.628402 (536cd7adbad73a3783fdc2cab92ab2ba7ec361e1),platform=Windows NT 6.1.7601 SP1 x86_64) (WARNING: The server did not provide any stacktrace information)
Command duration or timeout: 0 milliseconds
Build info: version: &#039;3.14.0&#039;, revision: &#039;aacccce0&#039;, time: &#039;2018-08-02T20:19:58.91Z&#039;
System info: host: &#039;MACPK-WKS-0076&#039;, ip: &#039;172.25.177.115&#039;, os.name: &#039;Windows 7&#039;, os.arch: &#039;amd64&#039;, os.version: &#039;6.1&#039;, java.version: &#039;1.8.0_181&#039;
Driver info: org.openqa.selenium.chrome.ChromeDriver
Capabilities {acceptInsecureCerts: false, acceptSslCerts: false, applicationCacheEnabled: false, browserConnectionEnabled: false, browserName: chrome, chrome: {chromedriverVersion: 2.46.628402 (536cd7adbad73a..., userDataDir: C:\Users\BILAL~1.MUB\AppDat...}, cssSelectorsEnabled: true, databaseEnabled: false, goog:chromeOptions: {debuggerAddress: localhost:49730}, handlesAlerts: true, hasTouchScreen: false, javascriptEnabled: true, locationContextEnabled: true, mobileEmulationEnabled: false, nativeEvents: true, networkConnectionEnabled: false, pageLoadStrategy: normal, platform: XP, platformName: XP, proxy: Proxy(), rotatable: false, setWindowRect: true, strictFileInteractability: false, takesHeapSnapshot: true, takesScreenshot: true, timeouts: {implicit: 0, pageLoad: 300000, script: 30000}, unexpectedAlertBehaviour: ignore, unhandledPromptBehavior: ignore, version: 73.0.3683.103, webStorageEnabled: true}
Session ID: 9d6fe21b2c4152da1d259dc4c5e6187b">
      <![CDATA[org.openqa.selenium.WebDriverException: unknown error: cannot determine loading statusfrom unknown error: cannot determine loading statusfrom disconnected: Unable to receive message from renderer  (Session info: chrome=73.0.3683.103)  (Driver info: chromedriver=2.46.628402 (536cd7adbad73a3783fdc2cab92ab2ba7ec361e1),platform=Windows NT 6.1.7601 SP1 x86_64) (WARNING: The server did not provide any stacktrace information)Command duration or timeout: 0 millisecondsBuild info: version: '3.14.0', revision: 'aacccce0', time: '2018-08-02T20:19:58.91Z'System info: host: 'MACPK-WKS-0076', ip: '172.25.177.115', os.name: 'Windows 7', os.arch: 'amd64', os.version: '6.1', java.version: '1.8.0_181'Driver info: org.openqa.selenium.chrome.ChromeDriverCapabilities {acceptInsecureCerts: false, acceptSslCerts: false, applicationCacheEnabled: false, browserConnectionEnabled: false, browserName: chrome, chrome: {chromedriverVersion: 2.46.628402 (536cd7adbad73a..., userDataDir: C:\Users\BILAL~1.MUB\AppDat...}, cssSelectorsEnabled: true, databaseEnabled: false, goog:chromeOptions: {debuggerAddress: localhost:49730}, handlesAlerts: true, hasTouchScreen: false, javascriptEnabled: true, locationContextEnabled: true, mobileEmulationEnabled: false, nativeEvents: true, networkConnectionEnabled: false, pageLoadStrategy: normal, platform: XP, platformName: XP, proxy: Proxy(), rotatable: false, setWindowRect: true, strictFileInteractability: false, takesHeapSnapshot: true, takesScreenshot: true, timeouts: {implicit: 0, pageLoad: 300000, script: 30000}, unexpectedAlertBehaviour: ignore, unhandledPromptBehavior: ignore, version: 73.0.3683.103, webStorageEnabled: true}Session ID: 9d6fe21b2c4152da1d259dc4c5e6187bat sun.reflect.NativeConstructorAccessorImpl.newInstance0(Native Method)at sun.reflect.NativeConstructorAccessorImpl.newInstance(Unknown Source)at sun.reflect.DelegatingConstructorAccessorImpl.newInstance(Unknown Source)at java.lang.reflect.Constructor.newInstance(Unknown Source)at org.openqa.selenium.remote.ErrorHandler.createThrowable(ErrorHandler.java:214)at org.openqa.selenium.remote.ErrorHandler.throwIfResponseFailed(ErrorHandler.java:166)at org.openqa.selenium.remote.http.JsonHttpResponseCodec.reconstructValue(JsonHttpResponseCodec.java:40)at org.openqa.selenium.remote.http.AbstractHttpResponseCodec.decode(AbstractHttpResponseCodec.java:80)at org.openqa.selenium.remote.http.AbstractHttpResponseCodec.decode(AbstractHttpResponseCodec.java:44)at org.openqa.selenium.remote.HttpCommandExecutor.execute(HttpCommandExecutor.java:158)at org.openqa.selenium.remote.service.DriverCommandExecutor.execute(DriverCommandExecutor.java:83)at org.openqa.selenium.remote.RemoteWebDriver.execute(RemoteWebDriver.java:548)at org.openqa.selenium.remote.RemoteWebDriver.get(RemoteWebDriver.java:276)at EMS_Corporate_TestCases.BrowserInitiation.StartBrowser(BrowserInitiation.java:78)at Master.EMS_Corporate_Execution.Startup(EMS_Corporate_Execution.java:49)at sun.reflect.NativeMethodAccessorImpl.invoke0(Native Method)at sun.reflect.NativeMethodAccessorImpl.invoke(Unknown Source)at sun.reflect.DelegatingMethodAccessorImpl.invoke(Unknown Source)at java.lang.reflect.Method.invoke(Unknown Source)at org.testng.internal.MethodInvocationHelper.invokeMethod(MethodInvocationHelper.java:124)at org.testng.internal.MethodInvocationHelper.invokeMethodConsideringTimeout(MethodInvocationHelper.java:59)at org.testng.internal.Invoker.invokeConfigurationMethod(Invoker.java:451)at org.testng.internal.Invoker.invokeConfigurations(Invoker.java:222)at org.testng.internal.Invoker.invokeConfigurations(Invoker.java:142)at org.testng.TestRunner.beforeRun(TestRunner.java:529)at org.testng.TestRunner.run(TestRunner.java:497)at org.testng.SuiteRunner.runTest(SuiteRunner.java:455)at org.testng.SuiteRunner.runSequentially(SuiteRunner.java:450)at org.testng.SuiteRunner.privateRun(SuiteRunner.java:415)at org.testng.SuiteRunner.run(SuiteRunner.java:364)at org.testng.SuiteRunnerWorker.runSuite(SuiteRunnerWorker.java:52)at org.testng.SuiteRunnerWorker.run(SuiteRunnerWorker.java:84)at org.testng.TestNG.runSuitesSequentially(TestNG.java:1187)at org.testng.TestNG.runSuitesLocally(TestNG.java:1116)at org.testng.TestNG.runSuites(TestNG.java:1028)at org.testng.TestNG.run(TestNG.java:996)at org.testng.remote.AbstractRemoteTestNG.run(AbstractRemoteTestNG.java:114)at org.testng.remote.RemoteTestNG.initAndRun(RemoteTestNG.java:251)at org.testng.remote.RemoteTestNG.main(RemoteTestNG.java:77)]]>
    </error>
  </testcase> <!-- Startup -->
  <testcase name="LoginApp" time="0.000" classname="Master.EMS_Corporate_Execution">
    <skipped/>
  </testcase> <!-- LoginApp -->
  <testcase name="TenentConfig" time="0.000" classname="Master.EMS_Corporate_Execution">
    <skipped/>
  </testcase> <!-- TenentConfig -->
  <testcase name="BlankCorporateTemplateCreation_From_TemplatePageCorporate" time="0.000" classname="Master.EMS_Corporate_Execution">
    <skipped/>
  </testcase> <!-- BlankCorporateTemplateCreation_From_TemplatePageCorporate -->
  <testcase name="Corporate_TemplatePreview" time="0.000" classname="Master.EMS_Corporate_Execution">
    <skipped/>
  </testcase> <!-- Corporate_TemplatePreview -->
  <testcase name="NewCorporateTemplate_WithConfigurationCreation" time="0.000" classname="Master.EMS_Corporate_Execution">
    <skipped/>
  </testcase> <!-- NewCorporateTemplate_WithConfigurationCreation -->
  <testcase name="CorporateTemplate_FilterCountVerification" time="0.000" classname="Master.EMS_Corporate_Execution">
    <skipped/>
  </testcase> <!-- CorporateTemplate_FilterCountVerification -->
  <testcase name="ChildUser_CorporateTemplatePublish_Verification_FromCorporateTenent" time="0.000" classname="Master.EMS_Corporate_Execution">
    <skipped/>
  </testcase> <!-- ChildUser_CorporateTemplatePublish_Verification_FromCorporateTenent -->
  <testcase name="AIA_ListContactMovedVerification" time="0.000" classname="Master.EMS_Corporate_Execution">
    <skipped/>
  </testcase> <!-- AIA_ListContactMovedVerification -->
  <testcase name="ChildList_VeriifcationCorporateParent" time="0.000" classname="Master.EMS_Corporate_Execution">
    <skipped/>
  </testcase> <!-- ChildList_VeriifcationCorporateParent -->
  <testcase name="List_Owner_ActionButton_FromListPageVerification" time="0.000" classname="Master.EMS_Corporate_Execution">
    <skipped/>
  </testcase> <!-- List_Owner_ActionButton_FromListPageVerification -->
  <testcase name="ContactUnderList_TextUpdationVerification_AccordingToFunctionalityAvaialable" time="0.000" classname="Master.EMS_Corporate_Execution">
    <skipped/>
  </testcase> <!-- ContactUnderList_TextUpdationVerification_AccordingToFunctionalityAvaialable -->
  <testcase name="ChildUser_CorporateTemplateUnPublish_VerificationFromCorporateTenent" time="0.000" classname="Master.EMS_Corporate_Execution">
    <skipped/>
  </testcase> <!-- ChildUser_CorporateTemplateUnPublish_VerificationFromCorporateTenent -->
  <testcase name="ADDContactsFromCRM_ParentChildVerification" time="0.000" classname="Master.EMS_Corporate_Execution">
    <skipped/>
  </testcase> <!-- ADDContactsFromCRM_ParentChildVerification -->
  <testcase name="Corporate_TemplateDelete" time="0.000" classname="Master.EMS_Corporate_Execution">
    <skipped/>
  </testcase> <!-- Corporate_TemplateDelete -->
  <testcase name="ChildUser_CorporateTemplateUnPublish_VerificationFrom_CorporateTenent" time="0.000" classname="Master.EMS_Corporate_Execution">
    <skipped/>
  </testcase> <!-- ChildUser_CorporateTemplateUnPublish_VerificationFrom_CorporateTenent -->
  <testcase name="BlankMyTemplateCreation_From_TemplatePageCorporate" time="0.000" classname="Master.EMS_Corporate_Execution">
    <skipped/>
  </testcase> <!-- BlankMyTemplateCreation_From_TemplatePageCorporate -->
  <testcase name="My_TemplatePreview" time="0.000" classname="Master.EMS_Corporate_Execution">
    <skipped/>
  </testcase> <!-- My_TemplatePreview -->
  <testcase name="NewTemplate_WithConfigurationCreation" time="0.000" classname="Master.EMS_Corporate_Execution">
    <skipped/>
  </testcase> <!-- NewTemplate_WithConfigurationCreation -->
  <testcase name="MyTemplate_FilterCountVerification" time="0.000" classname="Master.EMS_Corporate_Execution">
    <skipped/>
  </testcase> <!-- MyTemplate_FilterCountVerification -->
  <testcase name="ChildUser_MyTemplatePublish_Verification_FromCorporateTenent" time="0.000" classname="Master.EMS_Corporate_Execution">
    <skipped/>
  </testcase> <!-- ChildUser_MyTemplatePublish_Verification_FromCorporateTenent -->
  <testcase name="BlankMyTemplateCreation_FromChildUser_TemplatePageCorporate" time="0.000" classname="Master.EMS_Corporate_Execution">
    <skipped/>
  </testcase> <!-- BlankMyTemplateCreation_FromChildUser_TemplatePageCorporate -->
  <testcase name="ChildUser_MyTemplate_Verification_InCorporateMyTemplatesFilter" time="0.000" classname="Master.EMS_Corporate_Execution">
    <skipped/>
  </testcase> <!-- ChildUser_MyTemplate_Verification_InCorporateMyTemplatesFilter -->
  <testcase name="MyTemplateDelete" time="0.000" classname="Master.EMS_Corporate_Execution">
    <skipped/>
  </testcase> <!-- MyTemplateDelete -->
  <testcase name="UserTemplates" time="0.000" classname="Master.EMS_Corporate_Execution">
    <skipped/>
  </testcase> <!-- UserTemplates -->
  <testcase name="HideShareTemplates" time="0.000" classname="Master.EMS_Corporate_Execution">
    <skipped/>
  </testcase> <!-- HideShareTemplates -->
  <testcase name="HideShareSupplierTemplates" time="0.000" classname="Master.EMS_Corporate_Execution">
    <skipped/>
  </testcase> <!-- HideShareSupplierTemplates -->
  <testcase name="CorporateSettings_Settings" time="0.000" classname="Master.EMS_Corporate_Execution">
    <skipped/>
  </testcase> <!-- CorporateSettings_Settings -->
</testsuite> <!-- Master.EMS_Corporate_Execution -->
