<?xml version="1.0" encoding="UTF-8"?>
<!-- Generated by org.testng.reporters.JUnitReportReporter -->
<testsuite skipped="15" hostname="macpk-wks-0076" name="EMSTestCases.Login" tests="16" failures="0" timestamp="29 Dec 2018 08:05:34 GMT" time="0.000" errors="1">
  <testcase name="Startup" time="0.000" classname="EMSTestCases.Login">
    <error type="org.testng.TestNGException" message="
Parameter &#039;browser&#039; is required by BeforeTest on method Startup but has not been marked @Optional or defined
in C:\Users\Bilal.Mubarik\AppData\Local\Temp\testng-eclipse-1190973898\testng-customsuite.xml">
      <![CDATA[org.testng.TestNGException: Parameter 'browser' is required by BeforeTest on method Startup but has not been marked @Optional or definedin C:\Users\Bilal.Mubarik\AppData\Local\Temp\testng-eclipse-1190973898\testng-customsuite.xmlat org.testng.internal.Parameters.createParams(Parameters.java:290)at org.testng.internal.Parameters.createParametersForMethod(Parameters.java:359)at org.testng.internal.Parameters.createParameters(Parameters.java:620)at org.testng.internal.Parameters.createConfigurationParameters(Parameters.java:190)at org.testng.internal.Invoker.invokeConfigurations(Invoker.java:209)at org.testng.internal.Invoker.invokeConfigurations(Invoker.java:142)at org.testng.TestRunner.beforeRun(TestRunner.java:529)at org.testng.TestRunner.run(TestRunner.java:497)at org.testng.SuiteRunner.runTest(SuiteRunner.java:455)at org.testng.SuiteRunner.runSequentially(SuiteRunner.java:450)at org.testng.SuiteRunner.privateRun(SuiteRunner.java:415)at org.testng.SuiteRunner.run(SuiteRunner.java:364)at org.testng.SuiteRunnerWorker.runSuite(SuiteRunnerWorker.java:52)at org.testng.SuiteRunnerWorker.run(SuiteRunnerWorker.java:84)at org.testng.TestNG.runSuitesSequentially(TestNG.java:1187)at org.testng.TestNG.runSuitesLocally(TestNG.java:1116)at org.testng.TestNG.runSuites(TestNG.java:1028)at org.testng.TestNG.run(TestNG.java:996)at org.testng.remote.AbstractRemoteTestNG.run(AbstractRemoteTestNG.java:114)at org.testng.remote.RemoteTestNG.initAndRun(RemoteTestNG.java:251)at org.testng.remote.RemoteTestNG.main(RemoteTestNG.java:77)]]>
    </error>
  </testcase> <!-- Startup -->
  <testcase name="LoginApp" time="0.000" classname="EMSTestCases.Login">
    <skipped/>
  </testcase> <!-- LoginApp -->
  <testcase name="CampaignInfo_Creation" time="0.000" classname="EMSTestCases.Login">
    <skipped/>
  </testcase> <!-- CampaignInfo_Creation -->
  <testcase name="ChooseandCreateTemplate" time="0.000" classname="EMSTestCases.Login">
    <skipped/>
  </testcase> <!-- ChooseandCreateTemplate -->
  <testcase name="EditorCampaign" time="0.000" classname="EMSTestCases.Login">
    <skipped/>
  </testcase> <!-- EditorCampaign -->
  <testcase name="CreateListWithContact" time="0.000" classname="EMSTestCases.Login">
    <skipped/>
  </testcase> <!-- CreateListWithContact -->
  <testcase name="MoveAndCopyContacts_ToList" time="0.000" classname="EMSTestCases.Login">
    <skipped/>
  </testcase> <!-- MoveAndCopyContacts_ToList -->
  <testcase name="SendCampaign_Features" time="0.000" classname="EMSTestCases.Login">
    <skipped/>
  </testcase> <!-- SendCampaign_Features -->
  <testcase name="CreateListContactsFromListPage" time="0.000" classname="EMSTestCases.Login">
    <skipped/>
  </testcase> <!-- CreateListContactsFromListPage -->
  <testcase name="ListManagementPageFeatures" time="0.000" classname="EMSTestCases.Login">
    <skipped/>
  </testcase> <!-- ListManagementPageFeatures -->
  <testcase name="Dynamic_List" time="0.000" classname="EMSTestCases.Login">
    <skipped/>
  </testcase> <!-- Dynamic_List -->
  <testcase name="SummaryDetailUnsubscribeReport_Download" time="0.000" classname="EMSTestCases.Login">
    <skipped/>
  </testcase> <!-- SummaryDetailUnsubscribeReport_Download -->
  <testcase name="CopyRecentSentCampaign_WithRecentDraft_Campaign" time="0.000" classname="EMSTestCases.Login">
    <skipped/>
  </testcase> <!-- CopyRecentSentCampaign_WithRecentDraft_Campaign -->
  <testcase name="CopyAndDeleteRecentDraftCampaign" time="0.000" classname="EMSTestCases.Login">
    <skipped/>
  </testcase> <!-- CopyAndDeleteRecentDraftCampaign -->
  <testcase name="TemplatesFeatures_TemplatesPage" time="0.000" classname="EMSTestCases.Login">
    <skipped/>
  </testcase> <!-- TemplatesFeatures_TemplatesPage -->
  <testcase name="Settings_WithCampaignAddress_Verification" time="0.000" classname="EMSTestCases.Login">
    <skipped/>
  </testcase> <!-- Settings_WithCampaignAddress_Verification -->
</testsuite> <!-- EMSTestCases.Login -->
